Determining if the pthread_create exist failed with the following output:
Change Dir: /home/sparra/Desktop/uchile/2018-2/Imagenes/T2Code/cmake-build-debug/CMakeFiles/CMakeTmp

Run Build Command:"/usr/bin/make" "cmTC_21a34/fast"
/usr/bin/make -f CMakeFiles/cmTC_21a34.dir/build.make CMakeFiles/cmTC_21a34.dir/build
make[1]: Entering directory '/home/sparra/Desktop/uchile/2018-2/Imagenes/T2Code/cmake-build-debug/CMakeFiles/CMakeTmp'
Building C object CMakeFiles/cmTC_21a34.dir/CheckSymbolExists.c.o
/usr/bin/cc   -fPIC    -o CMakeFiles/cmTC_21a34.dir/CheckSymbolExists.c.o   -c /home/sparra/Desktop/uchile/2018-2/Imagenes/T2Code/cmake-build-debug/CMakeFiles/CMakeTmp/CheckSymbolExists.c
Linking C executable cmTC_21a34
/home/sparra/Desktop/clion-2018.1/bin/cmake/bin/cmake -E cmake_link_script CMakeFiles/cmTC_21a34.dir/link.txt --verbose=1
/usr/bin/cc -fPIC     CMakeFiles/cmTC_21a34.dir/CheckSymbolExists.c.o  -o cmTC_21a34 
CMakeFiles/cmTC_21a34.dir/CheckSymbolExists.c.o: In function `main':
CheckSymbolExists.c:(.text+0x1b): undefined reference to `pthread_create'
collect2: error: ld returned 1 exit status
CMakeFiles/cmTC_21a34.dir/build.make:97: recipe for target 'cmTC_21a34' failed
make[1]: *** [cmTC_21a34] Error 1
make[1]: Leaving directory '/home/sparra/Desktop/uchile/2018-2/Imagenes/T2Code/cmake-build-debug/CMakeFiles/CMakeTmp'
Makefile:126: recipe for target 'cmTC_21a34/fast' failed
make: *** [cmTC_21a34/fast] Error 2

File /home/sparra/Desktop/uchile/2018-2/Imagenes/T2Code/cmake-build-debug/CMakeFiles/CMakeTmp/CheckSymbolExists.c:
/* */
#include <pthread.h>

int main(int argc, char** argv)
{
  (void)argv;
#ifndef pthread_create
  return ((int*)(&pthread_create))[argc];
#else
  (void)argc;
  return 0;
#endif
}

Determining if the function pthread_create exists in the pthreads failed with the following output:
Change Dir: /home/sparra/Desktop/uchile/2018-2/Imagenes/T2Code/cmake-build-debug/CMakeFiles/CMakeTmp

Run Build Command:"/usr/bin/make" "cmTC_eee52/fast"
/usr/bin/make -f CMakeFiles/cmTC_eee52.dir/build.make CMakeFiles/cmTC_eee52.dir/build
make[1]: Entering directory '/home/sparra/Desktop/uchile/2018-2/Imagenes/T2Code/cmake-build-debug/CMakeFiles/CMakeTmp'
Building C object CMakeFiles/cmTC_eee52.dir/CheckFunctionExists.c.o
/usr/bin/cc   -fPIC -DCHECK_FUNCTION_EXISTS=pthread_create   -o CMakeFiles/cmTC_eee52.dir/CheckFunctionExists.c.o   -c /home/sparra/Desktop/clion-2018.1/bin/cmake/share/cmake-3.10/Modules/CheckFunctionExists.c
Linking C executable cmTC_eee52
/home/sparra/Desktop/clion-2018.1/bin/cmake/bin/cmake -E cmake_link_script CMakeFiles/cmTC_eee52.dir/link.txt --verbose=1
/usr/bin/cc -fPIC -DCHECK_FUNCTION_EXISTS=pthread_create    CMakeFiles/cmTC_eee52.dir/CheckFunctionExists.c.o  -o cmTC_eee52 -lpthreads 
/usr/bin/ld: cannot find -lpthreads
collect2: error: ld returned 1 exit status
CMakeFiles/cmTC_eee52.dir/build.make:97: recipe for target 'cmTC_eee52' failed
make[1]: *** [cmTC_eee52] Error 1
make[1]: Leaving directory '/home/sparra/Desktop/uchile/2018-2/Imagenes/T2Code/cmake-build-debug/CMakeFiles/CMakeTmp'
Makefile:126: recipe for target 'cmTC_eee52/fast' failed
make: *** [cmTC_eee52/fast] Error 2


